  cxqd7.7.c
F:\C\cxqd7.7\cxqd7.7.c(70,10): error C2146: 语法错误: 缺少“;”(在标识符“；”的前面)
F:\C\cxqd7.7\cxqd7.7.c(71,2): error C2065: “；”: 未声明的标识符
F:\C\cxqd7.7\cxqd7.7.c(71,2): error C2146: 语法错误: 缺少“;”(在标识符“printf”的前面)
